<?xml version="1.0" encoding="UTF-8"?>
<testng-results skipped="0" failed="0" ignored="0" total="3" passed="3">
  <reporter-output>
  </reporter-output>
  <suite name="Suite" duration-ms="41" started-at="2020-05-31T21:28:29 IST" finished-at="2020-05-31T21:28:29 IST">
    <groups>
    </groups>
    <test name="Test" duration-ms="41" started-at="2020-05-31T21:28:29 IST" finished-at="2020-05-31T21:28:29 IST">
      <class name="demo.secondtestng">
        <test-method status="PASS" signature="beforesuite()[pri:0, instance:demo.secondtestng@67b92f0a]" name="beforesuite" is-config="true" duration-ms="0" started-at="2020-05-31T21:28:29 IST" finished-at="2020-05-31T21:28:29 IST">
          <reporter-output>
          </reporter-output>
        </test-method> <!-- beforesuite -->
        <test-method status="PASS" signature="beforetest()[pri:0, instance:demo.secondtestng@67b92f0a]" name="beforetest" is-config="true" duration-ms="0" started-at="2020-05-31T21:28:29 IST" finished-at="2020-05-31T21:28:29 IST">
          <reporter-output>
          </reporter-output>
        </test-method> <!-- beforetest -->
        <test-method status="PASS" signature="aftertest()[pri:0, instance:demo.secondtestng@67b92f0a]" name="aftertest" is-config="true" duration-ms="0" started-at="2020-05-31T21:28:29 IST" finished-at="2020-05-31T21:28:29 IST">
          <reporter-output>
          </reporter-output>
        </test-method> <!-- aftertest -->
        <test-method status="PASS" signature="aftersuite()[pri:0, instance:demo.secondtestng@67b92f0a]" name="aftersuite" is-config="true" duration-ms="1" started-at="2020-05-31T21:28:30 IST" finished-at="2020-05-31T21:28:30 IST">
          <reporter-output>
          </reporter-output>
        </test-method> <!-- aftersuite -->
      </class> <!-- demo.secondtestng -->
      <class name="demo.firsttestng">
        <test-method status="PASS" signature="beforesuite()[pri:0, instance:demo.firsttestng@2b9627bc]" name="beforesuite" is-config="true" duration-ms="10" started-at="2020-05-31T21:28:29 IST" finished-at="2020-05-31T21:28:29 IST">
          <reporter-output>
          </reporter-output>
        </test-method> <!-- beforesuite -->
        <test-method status="PASS" signature="beforetest()[pri:0, instance:demo.firsttestng@2b9627bc]" name="beforetest" is-config="true" duration-ms="1" started-at="2020-05-31T21:28:29 IST" finished-at="2020-05-31T21:28:29 IST">
          <reporter-output>
          </reporter-output>
        </test-method> <!-- beforetest -->
        <test-method status="PASS" signature="beforeclass()[pri:0, instance:demo.firsttestng@2b9627bc]" name="beforeclass" is-config="true" duration-ms="1" started-at="2020-05-31T21:28:29 IST" finished-at="2020-05-31T21:28:29 IST">
          <reporter-output>
          </reporter-output>
        </test-method> <!-- beforeclass -->
        <test-method status="PASS" signature="beforethetestcase()[pri:0, instance:demo.firsttestng@2b9627bc]" name="beforethetestcase" is-config="true" duration-ms="1" started-at="2020-05-31T21:28:29 IST" finished-at="2020-05-31T21:28:29 IST">
          <reporter-output>
          </reporter-output>
        </test-method> <!-- beforethetestcase -->
        <test-method status="PASS" signature="testcas1()[pri:0, instance:demo.firsttestng@2b9627bc]" name="testcas1" duration-ms="6" started-at="2020-05-31T21:28:29 IST" finished-at="2020-05-31T21:28:29 IST">
          <reporter-output>
          </reporter-output>
        </test-method> <!-- testcas1 -->
        <test-method status="PASS" signature="aftermethod()[pri:0, instance:demo.firsttestng@2b9627bc]" name="aftermethod" is-config="true" duration-ms="0" started-at="2020-05-31T21:28:29 IST" finished-at="2020-05-31T21:28:29 IST">
          <reporter-output>
          </reporter-output>
        </test-method> <!-- aftermethod -->
        <test-method status="PASS" signature="testcas2()[pri:0, instance:demo.firsttestng@2b9627bc]" name="testcas2" duration-ms="1" started-at="2020-05-31T21:28:29 IST" finished-at="2020-05-31T21:28:29 IST">
          <reporter-output>
          </reporter-output>
        </test-method> <!-- testcas2 -->
        <test-method status="PASS" signature="beforethetestcase()[pri:0, instance:demo.firsttestng@2b9627bc]" name="beforethetestcase" is-config="true" duration-ms="0" started-at="2020-05-31T21:28:29 IST" finished-at="2020-05-31T21:28:29 IST">
          <reporter-output>
          </reporter-output>
        </test-method> <!-- beforethetestcase -->
        <test-method status="PASS" signature="aftermethod()[pri:0, instance:demo.firsttestng@2b9627bc]" name="aftermethod" is-config="true" duration-ms="0" started-at="2020-05-31T21:28:29 IST" finished-at="2020-05-31T21:28:29 IST">
          <reporter-output>
          </reporter-output>
        </test-method> <!-- aftermethod -->
        <test-method status="PASS" signature="beforethetestcase()[pri:0, instance:demo.firsttestng@2b9627bc]" name="beforethetestcase" is-config="true" duration-ms="0" started-at="2020-05-31T21:28:29 IST" finished-at="2020-05-31T21:28:29 IST">
          <reporter-output>
          </reporter-output>
        </test-method> <!-- beforethetestcase -->
        <test-method status="PASS" signature="testcas3()[pri:0, instance:demo.firsttestng@2b9627bc]" name="testcas3" duration-ms="1" started-at="2020-05-31T21:28:29 IST" finished-at="2020-05-31T21:28:29 IST">
          <reporter-output>
          </reporter-output>
        </test-method> <!-- testcas3 -->
        <test-method status="PASS" signature="aftermethod()[pri:0, instance:demo.firsttestng@2b9627bc]" name="aftermethod" is-config="true" duration-ms="0" started-at="2020-05-31T21:28:29 IST" finished-at="2020-05-31T21:28:29 IST">
          <reporter-output>
          </reporter-output>
        </test-method> <!-- aftermethod -->
        <test-method status="PASS" signature="afterclass()[pri:0, instance:demo.firsttestng@2b9627bc]" name="afterclass" is-config="true" duration-ms="0" started-at="2020-05-31T21:28:29 IST" finished-at="2020-05-31T21:28:29 IST">
          <reporter-output>
          </reporter-output>
        </test-method> <!-- afterclass -->
        <test-method status="PASS" signature="aftertest()[pri:0, instance:demo.firsttestng@2b9627bc]" name="aftertest" is-config="true" duration-ms="0" started-at="2020-05-31T21:28:29 IST" finished-at="2020-05-31T21:28:29 IST">
          <reporter-output>
          </reporter-output>
        </test-method> <!-- aftertest -->
        <test-method status="PASS" signature="aftersuite()[pri:0, instance:demo.firsttestng@2b9627bc]" name="aftersuite" is-config="true" duration-ms="0" started-at="2020-05-31T21:28:30 IST" finished-at="2020-05-31T21:28:30 IST">
          <reporter-output>
          </reporter-output>
        </test-method> <!-- aftersuite -->
      </class> <!-- demo.firsttestng -->
    </test> <!-- Test -->
  </suite> <!-- Suite -->
</testng-results>
