<?xml version="1.0" encoding="UTF-8"?>
<!-- Generated by org.testng.reporters.JUnitXMLReporter -->
<testsuite hostname="DESKTOP-46JVR6E" ignored="0" name="Default test" tests="3" failures="0" timestamp="2020-05-31T21:10:12 IST" time="0.048" errors="0">
  <testcase name="testcas1" time="0.004" classname="demo.firsttestng"/>
  <testcase name="testcas2" time="0.001" classname="demo.firsttestng"/>
  <testcase name="testcas3" time="0.0" classname="demo.firsttestng"/>
</testsuite> <!-- Default test -->
