<?xml version="1.0" encoding="UTF-8"?>
<testng-results skipped="0" failed="0" ignored="0" total="3" passed="3">
  <reporter-output>
  </reporter-output>
  <suite name="Suite" duration-ms="28" started-at="2020-06-02T00:09:08Z" finished-at="2020-06-02T00:09:08Z">
    <groups>
    </groups>
    <test name="Test" duration-ms="28" started-at="2020-06-02T00:09:08Z" finished-at="2020-06-02T00:09:08Z">
      <class name="git.demo.start.test.firsttestng">
        <test-method status="PASS" signature="beforesuite()[pri:0, instance:git.demo.start.test.firsttestng@7dc7cbad]" name="beforesuite" is-config="true" duration-ms="20" started-at="2020-06-02T00:09:08Z" finished-at="2020-06-02T00:09:08Z">
          <reporter-output>
          </reporter-output>
        </test-method> <!-- beforesuite -->
        <test-method status="PASS" signature="beforetest()[pri:0, instance:git.demo.start.test.firsttestng@7dc7cbad]" name="beforetest" is-config="true" duration-ms="0" started-at="2020-06-02T00:09:08Z" finished-at="2020-06-02T00:09:08Z">
          <reporter-output>
          </reporter-output>
        </test-method> <!-- beforetest -->
        <test-method status="PASS" signature="beforeclass()[pri:0, instance:git.demo.start.test.firsttestng@7dc7cbad]" name="beforeclass" is-config="true" duration-ms="0" started-at="2020-06-02T00:09:08Z" finished-at="2020-06-02T00:09:08Z">
          <reporter-output>
          </reporter-output>
        </test-method> <!-- beforeclass -->
        <test-method status="PASS" signature="testcas1()[pri:0, instance:git.demo.start.test.firsttestng@7dc7cbad]" name="testcas1" duration-ms="4" started-at="2020-06-02T00:09:08Z" finished-at="2020-06-02T00:09:08Z">
          <reporter-output>
          </reporter-output>
        </test-method> <!-- testcas1 -->
        <test-method status="PASS" signature="beforethetestcase()[pri:0, instance:git.demo.start.test.firsttestng@7dc7cbad]" name="beforethetestcase" is-config="true" duration-ms="0" started-at="2020-06-02T00:09:08Z" finished-at="2020-06-02T00:09:08Z">
          <reporter-output>
          </reporter-output>
        </test-method> <!-- beforethetestcase -->
        <test-method status="PASS" signature="aftermethod()[pri:0, instance:git.demo.start.test.firsttestng@7dc7cbad]" name="aftermethod" is-config="true" duration-ms="4" started-at="2020-06-02T00:09:08Z" finished-at="2020-06-02T00:09:08Z">
          <reporter-output>
          </reporter-output>
        </test-method> <!-- aftermethod -->
        <test-method status="PASS" signature="beforethetestcase()[pri:0, instance:git.demo.start.test.firsttestng@7dc7cbad]" name="beforethetestcase" is-config="true" duration-ms="0" started-at="2020-06-02T00:09:08Z" finished-at="2020-06-02T00:09:08Z">
          <reporter-output>
          </reporter-output>
        </test-method> <!-- beforethetestcase -->
        <test-method status="PASS" signature="aftermethod()[pri:0, instance:git.demo.start.test.firsttestng@7dc7cbad]" name="aftermethod" is-config="true" duration-ms="4" started-at="2020-06-02T00:09:08Z" finished-at="2020-06-02T00:09:08Z">
          <reporter-output>
          </reporter-output>
        </test-method> <!-- aftermethod -->
        <test-method status="PASS" signature="beforethetestcase()[pri:0, instance:git.demo.start.test.firsttestng@7dc7cbad]" name="beforethetestcase" is-config="true" duration-ms="0" started-at="2020-06-02T00:09:08Z" finished-at="2020-06-02T00:09:08Z">
          <reporter-output>
          </reporter-output>
        </test-method> <!-- beforethetestcase -->
        <test-method status="PASS" signature="testcas2()[pri:0, instance:git.demo.start.test.firsttestng@7dc7cbad]" name="testcas2" duration-ms="0" started-at="2020-06-02T00:09:08Z" finished-at="2020-06-02T00:09:08Z">
          <reporter-output>
          </reporter-output>
        </test-method> <!-- testcas2 -->
        <test-method status="PASS" signature="aftermethod()[pri:0, instance:git.demo.start.test.firsttestng@7dc7cbad]" name="aftermethod" is-config="true" duration-ms="0" started-at="2020-06-02T00:09:08Z" finished-at="2020-06-02T00:09:08Z">
          <reporter-output>
          </reporter-output>
        </test-method> <!-- aftermethod -->
        <test-method status="PASS" signature="testcas3()[pri:0, instance:git.demo.start.test.firsttestng@7dc7cbad]" name="testcas3" duration-ms="0" started-at="2020-06-02T00:09:08Z" finished-at="2020-06-02T00:09:08Z">
          <reporter-output>
          </reporter-output>
        </test-method> <!-- testcas3 -->
        <test-method status="PASS" signature="aftertest()[pri:0, instance:git.demo.start.test.firsttestng@7dc7cbad]" name="aftertest" is-config="true" duration-ms="0" started-at="2020-06-02T00:09:08Z" finished-at="2020-06-02T00:09:08Z">
          <reporter-output>
          </reporter-output>
        </test-method> <!-- aftertest -->
        <test-method status="PASS" signature="afterclass()[pri:0, instance:git.demo.start.test.firsttestng@7dc7cbad]" name="afterclass" is-config="true" duration-ms="0" started-at="2020-06-02T00:09:08Z" finished-at="2020-06-02T00:09:08Z">
          <reporter-output>
          </reporter-output>
        </test-method> <!-- afterclass -->
        <test-method status="PASS" signature="aftersuite()[pri:0, instance:git.demo.start.test.firsttestng@7dc7cbad]" name="aftersuite" is-config="true" duration-ms="4" started-at="2020-06-02T00:09:08Z" finished-at="2020-06-02T00:09:08Z">
          <reporter-output>
          </reporter-output>
        </test-method> <!-- aftersuite -->
      </class> <!-- git.demo.start.test.firsttestng -->
    </test> <!-- Test -->
  </suite> <!-- Suite -->
</testng-results>
