<?xml version="1.0" encoding="UTF-8"?>
<!-- Generated by org.testng.reporters.JUnitXMLReporter -->
<testsuite hostname="DESKTOP-46JVR6E" ignored="0" name="Test" tests="3" failures="0" timestamp="02 Jun 2020 00:09:08 GMT" time="0.028" errors="0">
  <testcase name="testcas1" time="0.004" classname="git.demo.start.test.firsttestng"/>
  <testcase name="testcas2" time="0.0" classname="git.demo.start.test.firsttestng"/>
  <testcase name="testcas3" time="0.0" classname="git.demo.start.test.firsttestng"/>
</testsuite> <!-- Test -->
